<?xml version="1.0" encoding="UTF-8"?>
<coverage generated="1765016008397" clover="3.2.0">
  <project timestamp="1765016008397" name="All files">
    <metrics statements="9" coveredstatements="7" conditionals="15" coveredconditionals="7" methods="4" coveredmethods="4" elements="28" coveredelements="18" complexity="0" loc="9" ncloc="9" packages="2" files="2" classes="2"/>
    <package name="Core.utils">
      <metrics statements="3" coveredstatements="1" conditionals="0" coveredconditionals="0" methods="3" coveredmethods="3"/>
      <file name="helper.ts" path="/Users/jayaramvenkatanarayanan/Projects/react-v19/start-up/v19-react-pizza/src/Core/utils/helper.ts">
        <metrics statements="3" coveredstatements="1" conditionals="0" coveredconditionals="0" methods="3" coveredmethods="3"/>
        <line num="3" count="1" type="stmt"/>
        <line num="6" count="0" type="stmt"/>
        <line num="12" count="0" type="stmt"/>
      </file>
    </package>
    <package name="Presentation.Components">
      <metrics statements="6" coveredstatements="6" conditionals="15" coveredconditionals="7" methods="1" coveredmethods="1"/>
      <file name="Pizza.tsx" path="/Users/jayaramvenkatanarayanan/Projects/react-v19/start-up/v19-react-pizza/src/Presentation/Components/Pizza.tsx">
        <metrics statements="6" coveredstatements="6" conditionals="15" coveredconditionals="7" methods="1" coveredmethods="1"/>
        <line num="7" count="1" type="cond" truecount="1" falsecount="1"/>
        <line num="9" count="1" type="stmt"/>
        <line num="10" count="1" type="cond" truecount="3" falsecount="3"/>
        <line num="11" count="1" type="cond" truecount="1" falsecount="1"/>
        <line num="12" count="1" type="cond" truecount="2" falsecount="3"/>
        <line num="13" count="1" type="stmt"/>
      </file>
    </package>
  </project>
</coverage>
