{"/Users/jayaramvenkatanarayanan/Projects/react-v19/start-up/v19-react-pizza/src/Core/utils/helper.ts": {"path":"/Users/jayaramvenkatanarayanan/Projects/react-v19/start-up/v19-react-pizza/src/Core/utils/helper.ts","statementMap":{"0":{"start":{"line":3,"column":4},"end":{"line":3,"column":null}},"1":{"start":{"line":6,"column":4},"end":{"line":9,"column":null}},"2":{"start":{"line":12,"column":4},"end":{"line":18,"column":null}}},"fnMap":{"0":{"name":"(anonymous_0)","decl":{"start":{"line":2,"column":9},"end":{"line":2,"column":23}},"loc":{"start":{"line":2,"column":41},"end":{"line":4,"column":null}},"line":2},"1":{"name":"(anonymous_1)","decl":{"start":{"line":5,"column":9},"end":{"line":5,"column":16}},"loc":{"start":{"line":5,"column":16},"end":{"line":10,"column":null}},"line":5},"2":{"name":"(anonymous_2)","decl":{"start":{"line":11,"column":9},"end":{"line":11,"column":43}},"loc":{"start":{"line":11,"column":55},"end":{"line":19,"column":null}},"line":11}},"branchMap":{},"s":{"0":1,"1":0,"2":0},"f":{"0":1,"1":1,"2":1},"b":{},"meta":{"lastBranch":0,"lastFunction":3,"lastStatement":3,"seen":{"f:2:9:2:23":0,"s:3:4:3:Infinity":0,"f:5:9:5:16":1,"s:6:4:9:Infinity":1,"f:11:9:11:43":2,"s:12:4:18:Infinity":2}}}
,"/Users/jayaramvenkatanarayanan/Projects/react-v19/start-up/v19-react-pizza/src/Presentation/Components/Pizza.tsx": {"path":"/Users/jayaramvenkatanarayanan/Projects/react-v19/start-up/v19-react-pizza/src/Presentation/Components/Pizza.tsx","statementMap":{"0":{"start":{"line":7,"column":44},"end":{"line":13,"column":null}},"1":{"start":{"line":7,"column":44},"end":{"line":7,"column":45}},"2":{"start":{"line":7,"column":45},"end":{"line":7,"column":54}},"3":{"start":{"line":7,"column":54},"end":{"line":10,"column":54}},"4":{"start":{"line":10,"column":19},"end":{"line":10,"column":52}},"5":{"start":{"line":10,"column":52},"end":{"line":10,"column":54}},"6":{"start":{"line":10,"column":16},"end":{"line":10,"column":54}},"7":{"start":{"line":10,"column":54},"end":{"line":10,"column":null}},"8":{"start":{"line":10,"column":6},"end":{"line":10,"column":76}},"9":{"start":{"line":10,"column":76},"end":{"line":10,"column":null}},"10":{"start":{"line":10,"column":76},"end":{"line":11,"column":null}},"11":{"start":{"line":11,"column":6},"end":{"line":11,"column":27}},"12":{"start":{"line":11,"column":27},"end":{"line":11,"column":null}},"13":{"start":{"line":11,"column":27},"end":{"line":12,"column":null}},"14":{"start":{"line":12,"column":6},"end":{"line":12,"column":32}},"15":{"start":{"line":12,"column":32},"end":{"line":12,"column":null}},"16":{"start":{"line":12,"column":32},"end":{"line":13,"column":null}},"17":{"start":{"line":9,"column":4},"end":{"line":13,"column":10}},"18":{"start":{"line":13,"column":10},"end":{"line":13,"column":null}},"19":{"start":{"line":13,"column":10},"end":{"line":9,"column":19}}},"fnMap":{"0":{"name":"(anonymous_0)","decl":{"start":{"line":7,"column":44},"end":{"line":7,"column":45}},"loc":{"start":{"line":7,"column":44},"end":{"line":13,"column":null}},"line":7}},"branchMap":{"0":{"loc":{"start":{"line":7,"column":54},"end":{"line":10,"column":54}},"type":"if","locations":[{"start":{"line":7,"column":54},"end":{"line":10,"column":54}},{"start":{"line":10,"column":52},"end":{"line":10,"column":54}}],"line":7},"1":{"loc":{"start":{"line":10,"column":54},"end":{"line":10,"column":null}},"type":"if","locations":[{"start":{"line":10,"column":54},"end":{"line":10,"column":null}},{"start":{"line":10,"column":76},"end":{"line":10,"column":null}}],"line":10},"2":{"loc":{"start":{"line":10,"column":54},"end":{"line":10,"column":61}},"type":"binary-expr","locations":[{"start":{"line":10,"column":54},"end":{"line":10,"column":61}},{"start":{"line":10,"column":54},"end":{"line":10,"column":61}}],"line":10},"3":{"loc":{"start":{"line":10,"column":76},"end":{"line":11,"column":null}},"type":"if","locations":[{"start":{"line":10,"column":76},"end":{"line":11,"column":null}},{"start":{"line":11,"column":27},"end":{"line":11,"column":null}}],"line":10},"4":{"loc":{"start":{"line":11,"column":27},"end":{"line":12,"column":null}},"type":"if","locations":[{"start":{"line":11,"column":27},"end":{"line":12,"column":null}},{"start":{"line":12,"column":32},"end":{"line":12,"column":null}}],"line":11},"5":{"loc":{"start":{"line":12,"column":32},"end":{"line":13,"column":null}},"type":"if","locations":[{"start":{"line":12,"column":32},"end":{"line":13,"column":null}},{"start":{"line":13,"column":10},"end":{"line":13,"column":null}}],"line":12},"6":{"loc":{"start":{"line":12,"column":32},"end":{"line":12,"column":null}},"type":"binary-expr","locations":[{"start":{"line":12,"column":32},"end":{"line":12,"column":null}},{"start":{"line":12,"column":32},"end":{"line":12,"column":null}},{"start":{"line":12,"column":32},"end":{"line":12,"column":null}}],"line":12}},"s":{"0":1,"1":1,"2":1,"3":1,"4":1,"5":0,"6":1,"7":1,"8":1,"9":0,"10":1,"11":1,"12":0,"13":1,"14":1,"15":0,"16":1,"17":1,"18":0,"19":1},"f":{"0":1},"b":{"0":[1,0],"1":[1,0],"2":[1,0],"3":[1,0],"4":[1,0],"5":[1,0],"6":[1,0,0]},"meta":{"lastBranch":7,"lastFunction":1,"lastStatement":20,"seen":{"s:7:44:13:Infinity":0,"f:7:44:7:45":0,"s:7:44:7:45":1,"s:7:45:7:54":2,"b:7:54:10:54:10:52:10:54":0,"s:7:54:10:54":3,"s:10:19:10:52":4,"s:10:52:10:54":5,"s:10:16:10:54":6,"b:10:54:10:Infinity:10:76:10:Infinity":1,"s:10:54:10:Infinity":7,"b:10:54:10:61:10:54:10:61":2,"s:10:6:10:76":8,"s:10:76:10:Infinity":9,"b:10:76:11:Infinity:11:27:11:Infinity":3,"s:10:76:11:Infinity":10,"s:11:6:11:27":11,"s:11:27:11:Infinity":12,"b:11:27:12:Infinity:12:32:12:Infinity":4,"s:11:27:12:Infinity":13,"s:12:6:12:32":14,"s:12:32:12:Infinity":15,"b:12:32:13:Infinity:13:10:13:Infinity":5,"s:12:32:13:Infinity":16,"b:12:32:12:Infinity:12:32:12:Infinity:12:32:12:Infinity":6,"s:9:4:13:10":17,"s:13:10:13:Infinity":18,"s:13:10:9:19":19}}}
}
